2025-08-31 22:26:28,249 - INFO - Logging to file: /home/ck/DataMine/APPLICATION/STEP 2.1 - LD Neural Net Training/label_recombine_20250831_222628.log
2025-08-31 22:26:28,249 - INFO - Label recombination script started successfully
2025-08-31 22:26:28,249 - INFO - Found 5 Label Studio JSON files in labelstudio_output
2025-08-31 22:26:28,249 - INFO -   - labels_lake-605-10-0902_round1.json
2025-08-31 22:26:28,249 - INFO -   - labels_lake-605-10-0050_round1.json
2025-08-31 22:26:28,249 - INFO -   - labels_lake-605-10-0050_stockpile.json
2025-08-31 22:26:28,249 - INFO -   - labels_lake-605-8-0883_round1.json
2025-08-31 22:26:28,249 - INFO -   - labels_new_batch_2025-08-31.json
2025-08-31 22:26:28,250 - INFO - Extracted 194 annotations from labels_lake-605-10-0902_round1.json
2025-08-31 22:26:28,251 - INFO - Extracted 281 annotations from labels_lake-605-10-0050_round1.json
2025-08-31 22:26:28,251 - INFO - Extracted 114 annotations from labels_lake-605-10-0050_stockpile.json
2025-08-31 22:26:28,251 - INFO - Extracted 227 annotations from labels_lake-605-8-0883_round1.json
2025-08-31 22:26:28,252 - INFO - Extracted 246 annotations from labels_new_batch_2025-08-31.json
2025-08-31 22:26:28,252 - INFO - Total annotations extracted: 1062
2025-08-31 22:26:28,252 - INFO - Found 20 unique truck-date combinations:
2025-08-31 22:26:28,252 - INFO -   - lake-605-10-0050 on 2025-07-30
2025-08-31 22:26:28,252 - INFO -   - lake-605-10-0050 on 2025-07-31
2025-08-31 22:26:28,252 - INFO -   - lake-605-10-0050 on 2025-08-01
2025-08-31 22:26:28,252 - INFO -   - lake-605-10-0050 on 2025-08-02
2025-08-31 22:26:28,252 - INFO -   - lake-605-10-0050 on 2025-08-03
2025-08-31 22:26:28,252 - INFO -   - lake-605-10-0050 on 2025-08-05
2025-08-31 22:26:28,252 - INFO -   - lake-605-10-0050 on 2025-08-11
2025-08-31 22:26:28,252 - INFO -   - lake-605-8-0883 on 2025-07-31
2025-08-31 22:26:28,252 - INFO -   - lake-605-8-0883 on 2025-08-01
2025-08-31 22:26:28,252 - INFO -   - lake-605-8-0883 on 2025-08-02
2025-08-31 22:26:28,252 - INFO -   - lake-605-8-0883 on 2025-08-03
2025-08-31 22:26:28,252 - INFO -   - lake-605-8-0883 on 2025-08-05
2025-08-31 22:26:28,252 - INFO -   - lake-605-8-0883 on 2025-08-11
2025-08-31 22:26:28,252 - INFO -   - lake-605-8-0896 on 2025-08-11
2025-08-31 22:26:28,253 - INFO -   - lake-605-8-0898 on 2025-08-11
2025-08-31 22:26:28,253 - INFO -   - lake-605-8-0902 on 2025-07-30
2025-08-31 22:26:28,253 - INFO -   - lake-605-8-0902 on 2025-08-02
2025-08-31 22:26:28,253 - INFO -   - lake-605-8-0902 on 2025-08-03
2025-08-31 22:26:28,253 - INFO -   - lake-605-8-0902 on 2025-08-04
2025-08-31 22:26:28,253 - INFO -   - lake-605-8-0902 on 2025-08-05
2025-08-31 22:26:28,253 - INFO - Connecting to database...
2025-08-31 22:26:28,375 - INFO - Source table verified: 8,831,277 rows available
2025-08-31 22:26:28,376 - INFO - Recreating labeled training data table...
2025-08-31 22:26:28,668 - INFO - Created labeled training data table with indexes
2025-08-31 22:26:28,668 - INFO - Creating temporary label mappings...
2025-08-31 22:26:28,680 - INFO - Created temporary label mappings table with 1062 entries
2025-08-31 22:26:28,680 - INFO - Inserting labeled training data...
2025-08-31 22:26:28,680 - INFO - Processing 1/20: lake-605-8-0883 on 2025-08-03
2025-08-31 22:26:32,470 - INFO -   Inserted 88,847 labeled records
2025-08-31 22:26:32,470 - INFO - Processing 2/20: lake-605-8-0883 on 2025-08-01
2025-08-31 22:26:35,604 - INFO -   Inserted 92,319 labeled records
2025-08-31 22:26:35,604 - INFO - Processing 3/20: lake-605-8-0883 on 2025-07-31
2025-08-31 22:26:38,792 - INFO -   Inserted 113,910 labeled records
2025-08-31 22:26:38,793 - INFO - Processing 4/20: lake-605-10-0050 on 2025-08-03
2025-08-31 22:26:43,135 - INFO -   Inserted 92,506 labeled records
2025-08-31 22:26:43,135 - INFO - Processing 5/20: lake-605-10-0050 on 2025-08-01
2025-08-31 22:26:47,028 - INFO -   Inserted 103,902 labeled records
2025-08-31 22:26:47,028 - INFO - Processing 6/20: lake-605-10-0050 on 2025-07-31
2025-08-31 22:26:50,604 - INFO -   Inserted 103,968 labeled records
2025-08-31 22:26:50,604 - INFO - Processing 7/20: lake-605-8-0883 on 2025-08-05
2025-08-31 22:26:54,317 - INFO -   Inserted 87,900 labeled records
2025-08-31 22:26:54,317 - INFO - Processing 8/20: lake-605-10-0050 on 2025-08-05
2025-08-31 22:26:59,192 - INFO -   Inserted 96,815 labeled records
2025-08-31 22:26:59,193 - INFO - Processing 9/20: lake-605-8-0902 on 2025-07-30
2025-08-31 22:27:01,743 - INFO -   Inserted 93,054 labeled records
2025-08-31 22:27:01,743 - INFO - Processing 10/20: lake-605-8-0902 on 2025-08-02
2025-08-31 22:27:04,553 - INFO -   Inserted 88,115 labeled records
2025-08-31 22:27:04,553 - INFO - Processing 11/20: lake-605-8-0898 on 2025-08-11
2025-08-31 22:27:07,998 - INFO -   Inserted 95,848 labeled records
2025-08-31 22:27:07,998 - INFO - Processing 12/20: lake-605-8-0896 on 2025-08-11
2025-08-31 22:27:09,674 - INFO -   Inserted 20,150 labeled records
2025-08-31 22:27:09,674 - INFO - Processing 13/20: lake-605-10-0050 on 2025-07-30
2025-08-31 22:27:12,633 - INFO -   Inserted 89,677 labeled records
2025-08-31 22:27:12,633 - INFO - Processing 14/20: lake-605-10-0050 on 2025-08-02
2025-08-31 22:27:16,609 - INFO -   Inserted 93,092 labeled records
2025-08-31 22:27:16,609 - INFO - Processing 15/20: lake-605-8-0883 on 2025-08-02
2025-08-31 22:27:20,642 - INFO -   Inserted 96,158 labeled records
2025-08-31 22:27:20,643 - INFO - Processing 16/20: lake-605-8-0902 on 2025-08-03
2025-08-31 22:27:23,838 - INFO -   Inserted 90,351 labeled records
2025-08-31 22:27:23,838 - INFO - Processing 17/20: lake-605-8-0902 on 2025-08-05
2025-08-31 22:27:27,556 - INFO -   Inserted 87,250 labeled records
2025-08-31 22:27:27,556 - INFO - Processing 18/20: lake-605-8-0883 on 2025-08-11
2025-08-31 22:27:29,439 - INFO -   Inserted 19,315 labeled records
2025-08-31 22:27:29,439 - INFO - Processing 19/20: lake-605-8-0902 on 2025-08-04
2025-08-31 22:27:33,545 - INFO -   Inserted 94,433 labeled records
2025-08-31 22:27:33,546 - INFO - Processing 20/20: lake-605-10-0050 on 2025-08-11
2025-08-31 22:27:39,090 - INFO -   Inserted 96,433 labeled records
2025-08-31 22:27:39,090 - INFO - Successfully inserted 1,744,043 total labeled training records
2025-08-31 22:27:39,093 - INFO - === LABELED TRAINING DATA STATISTICS ===
2025-08-31 22:27:39,950 - INFO - Total Records: 1,744,043
2025-08-31 22:27:39,951 - INFO - Unique Trucks: 5
2025-08-31 22:27:39,951 - INFO - Unique Truck-Dates: 20
2025-08-31 22:27:39,951 - INFO - Time Range: 2025-07-30 00:00:00.103835+00:00 to 2025-08-11 23:58:00.397182+00:00
2025-08-31 22:27:40,988 - INFO - 
Label Distribution:
2025-08-31 22:27:40,988 - INFO -   background  : 1,345,585 records ( 77.2%)
2025-08-31 22:27:40,988 - INFO -                    5 trucks, 20 truck-dates
2025-08-31 22:27:40,988 - INFO -   load_event  :  296,950 records ( 17.0%)
2025-08-31 22:27:40,988 - INFO -                    5 trucks, 20 truck-dates
2025-08-31 22:27:40,988 - INFO -   dump_event  :  101,508 records (  5.8%)
2025-08-31 22:27:40,988 - INFO -                    5 trucks, 20 truck-dates
2025-08-31 22:27:40,989 - INFO - === DATA QUALITY VALIDATION ===
2025-08-31 22:27:40,989 - INFO - Null Labels: PASSED
2025-08-31 22:27:41,084 - INFO - Invalid Labels: PASSED
2025-08-31 22:27:41,085 - INFO - Missing Truck Dates: PASSED
2025-08-31 22:27:41,665 - INFO - Duplicate Hash IDs: PASSED
2025-08-31 22:27:41,665 - INFO - All data quality checks PASSED
2025-08-31 22:27:41,666 - INFO - Database connection closed.
2025-08-31 22:27:41,666 - INFO - === SCRIPT COMPLETED SUCCESSFULLY ===
2025-08-31 22:27:41,666 - INFO - Created labeled training dataset with 1,744,043 records
