2025-08-31 18:00:58,989 - INFO - Logging to file: /home/ck/DataMine/APPLICATION/STEP 2.1 - LD Neural Net Training/label_recombine_20250831_180058.log
2025-08-31 18:00:58,990 - INFO - Label recombination script started successfully
2025-08-31 18:00:58,990 - INFO - Found 4 Label Studio JSON files in labelstudio_output/
2025-08-31 18:00:58,990 - INFO -   - labels_lake-605-10-0902_round1.json
2025-08-31 18:00:58,990 - INFO -   - labels_lake-605-10-0050_round1.json
2025-08-31 18:00:58,990 - INFO -   - labels_lake-605-10-0050_stockpile.json
2025-08-31 18:00:58,990 - INFO -   - labels_lake-605-8-0883_round1.json
2025-08-31 18:00:58,990 - INFO - Extracted 194 annotations from labels_lake-605-10-0902_round1.json
2025-08-31 18:00:58,991 - INFO - Extracted 281 annotations from labels_lake-605-10-0050_round1.json
2025-08-31 18:00:58,992 - INFO - Extracted 114 annotations from labels_lake-605-10-0050_stockpile.json
2025-08-31 18:00:58,992 - INFO - Extracted 227 annotations from labels_lake-605-8-0883_round1.json
2025-08-31 18:00:58,992 - INFO - Total annotations extracted: 816
2025-08-31 18:00:58,992 - INFO - Found 17 unique truck-date combinations:
2025-08-31 18:00:58,992 - INFO -   - lake-605-10-0050 on 2025-07-30
2025-08-31 18:00:58,992 - INFO -   - lake-605-10-0050 on 2025-07-31
2025-08-31 18:00:58,992 - INFO -   - lake-605-10-0050 on 2025-08-01
2025-08-31 18:00:58,992 - INFO -   - lake-605-10-0050 on 2025-08-02
2025-08-31 18:00:58,992 - INFO -   - lake-605-10-0050 on 2025-08-03
2025-08-31 18:00:58,992 - INFO -   - lake-605-10-0050 on 2025-08-05
2025-08-31 18:00:58,992 - INFO -   - lake-605-10-0050 on 2025-08-11
2025-08-31 18:00:58,992 - INFO -   - lake-605-8-0883 on 2025-07-31
2025-08-31 18:00:58,992 - INFO -   - lake-605-8-0883 on 2025-08-01
2025-08-31 18:00:58,992 - INFO -   - lake-605-8-0883 on 2025-08-02
2025-08-31 18:00:58,993 - INFO -   - lake-605-8-0883 on 2025-08-03
2025-08-31 18:00:58,993 - INFO -   - lake-605-8-0883 on 2025-08-05
2025-08-31 18:00:58,993 - INFO -   - lake-605-8-0902 on 2025-07-30
2025-08-31 18:00:58,993 - INFO -   - lake-605-8-0902 on 2025-08-02
2025-08-31 18:00:58,993 - INFO -   - lake-605-8-0902 on 2025-08-03
2025-08-31 18:00:58,993 - INFO -   - lake-605-8-0902 on 2025-08-04
2025-08-31 18:00:58,993 - INFO -   - lake-605-8-0902 on 2025-08-05
2025-08-31 18:00:58,993 - INFO - Connecting to database...
2025-08-31 18:00:59,123 - INFO - Source table verified: 8,831,277 rows available
2025-08-31 18:00:59,123 - INFO - Recreating labeled training data table...
2025-08-31 18:00:59,170 - INFO - Created labeled training data table with indexes
2025-08-31 18:00:59,171 - INFO - Creating temporary label mappings...
2025-08-31 18:00:59,181 - INFO - Created temporary label mappings table with 816 entries
2025-08-31 18:00:59,181 - INFO - Inserting labeled training data...
2025-08-31 18:00:59,181 - INFO - Processing 1/17: lake-605-8-0902 on 2025-08-04
2025-08-31 18:01:02,932 - INFO -   Inserted 94,433 labeled records
2025-08-31 18:01:02,932 - INFO - Processing 2/17: lake-605-10-0050 on 2025-08-03
2025-08-31 18:01:07,138 - INFO -   Inserted 92,506 labeled records
2025-08-31 18:01:07,139 - INFO - Processing 3/17: lake-605-10-0050 on 2025-08-11
2025-08-31 18:01:12,308 - INFO -   Inserted 96,433 labeled records
2025-08-31 18:01:12,309 - INFO - Processing 4/17: lake-605-8-0883 on 2025-08-03
2025-08-31 18:01:16,383 - INFO -   Inserted 88,847 labeled records
2025-08-31 18:01:16,384 - INFO - Processing 5/17: lake-605-10-0050 on 2025-08-02
2025-08-31 18:01:20,216 - INFO -   Inserted 93,092 labeled records
2025-08-31 18:01:20,217 - INFO - Processing 6/17: lake-605-8-0902 on 2025-08-05
2025-08-31 18:01:23,901 - INFO -   Inserted 87,250 labeled records
2025-08-31 18:01:23,901 - INFO - Processing 7/17: lake-605-10-0050 on 2025-07-30
2025-08-31 18:01:26,751 - INFO -   Inserted 89,677 labeled records
2025-08-31 18:01:26,751 - INFO - Processing 8/17: lake-605-10-0050 on 2025-08-01
2025-08-31 18:01:30,744 - INFO -   Inserted 103,902 labeled records
2025-08-31 18:01:30,744 - INFO - Processing 9/17: lake-605-8-0883 on 2025-08-01
2025-08-31 18:01:34,187 - INFO -   Inserted 92,319 labeled records
2025-08-31 18:01:34,187 - INFO - Processing 10/17: lake-605-8-0883 on 2025-08-02
2025-08-31 18:01:38,021 - INFO -   Inserted 96,158 labeled records
2025-08-31 18:01:38,022 - INFO - Processing 11/17: lake-605-8-0902 on 2025-08-03
2025-08-31 18:01:41,608 - INFO -   Inserted 90,351 labeled records
2025-08-31 18:01:41,608 - INFO - Processing 12/17: lake-605-10-0050 on 2025-07-31
2025-08-31 18:01:45,174 - INFO -   Inserted 103,968 labeled records
2025-08-31 18:01:45,175 - INFO - Processing 13/17: lake-605-10-0050 on 2025-08-05
2025-08-31 18:01:50,088 - INFO -   Inserted 96,815 labeled records
2025-08-31 18:01:50,088 - INFO - Processing 14/17: lake-605-8-0902 on 2025-08-02
2025-08-31 18:01:53,303 - INFO -   Inserted 88,115 labeled records
2025-08-31 18:01:53,303 - INFO - Processing 15/17: lake-605-8-0883 on 2025-08-05
2025-08-31 18:01:57,888 - INFO -   Inserted 87,900 labeled records
2025-08-31 18:01:57,888 - INFO - Processing 16/17: lake-605-8-0902 on 2025-07-30
2025-08-31 18:02:00,874 - INFO -   Inserted 93,054 labeled records
2025-08-31 18:02:00,875 - INFO - Processing 17/17: lake-605-8-0883 on 2025-07-31
2025-08-31 18:02:04,489 - INFO -   Inserted 113,910 labeled records
2025-08-31 18:02:04,489 - INFO - Successfully inserted 1,608,730 total labeled training records
2025-08-31 18:02:04,489 - INFO - === LABELED TRAINING DATA STATISTICS ===
2025-08-31 18:02:05,468 - INFO - Total Records: 1,608,730
2025-08-31 18:02:05,468 - INFO - Unique Trucks: 3
2025-08-31 18:02:05,468 - INFO - Unique Truck-Dates: 17
2025-08-31 18:02:05,468 - INFO - Time Range: 2025-07-30 00:00:00.103835+00:00 to 2025-08-11 23:56:35.546480+00:00
2025-08-31 18:02:06,514 - INFO - 
Label Distribution:
2025-08-31 18:02:06,514 - INFO -   background  : 1,240,472 records ( 77.1%)
2025-08-31 18:02:06,514 - INFO -                    3 trucks, 17 truck-dates
2025-08-31 18:02:06,514 - INFO -   load_event  :  272,504 records ( 16.9%)
2025-08-31 18:02:06,514 - INFO -                    3 trucks, 17 truck-dates
2025-08-31 18:02:06,514 - INFO -   dump_event  :   95,754 records (  6.0%)
2025-08-31 18:02:06,514 - INFO -                    3 trucks, 17 truck-dates
2025-08-31 18:02:06,514 - INFO - === DATA QUALITY VALIDATION ===
2025-08-31 18:02:06,515 - INFO - Null Labels: PASSED
2025-08-31 18:02:06,649 - INFO - Invalid Labels: PASSED
2025-08-31 18:02:06,650 - INFO - Missing Truck Dates: PASSED
2025-08-31 18:02:07,599 - INFO - Duplicate Hash IDs: PASSED
2025-08-31 18:02:07,599 - INFO - All data quality checks PASSED
2025-08-31 18:02:07,599 - INFO - Database connection closed.
2025-08-31 18:02:07,599 - INFO - === SCRIPT COMPLETED SUCCESSFULLY ===
2025-08-31 18:02:07,599 - INFO - Created labeled training dataset with 1,608,730 records
