2025-08-31 22:24:59,366 - INFO - Logging to file: /home/ck/DataMine/APPLICATION/STEP 2.1 - LD Neural Net Training/label_recombine_20250831_222459.log
2025-08-31 22:24:59,366 - INFO - Label recombination script started successfully
2025-08-31 22:24:59,366 - INFO - Found 4 Label Studio JSON files in labelstudio_output
2025-08-31 22:24:59,366 - INFO -   - labels_lake-605-10-0902_round1.json
2025-08-31 22:24:59,367 - INFO -   - labels_lake-605-10-0050_round1.json
2025-08-31 22:24:59,367 - INFO -   - labels_lake-605-10-0050_stockpile.json
2025-08-31 22:24:59,367 - INFO -   - labels_lake-605-8-0883_round1.json
2025-08-31 22:24:59,367 - INFO - Extracted 194 annotations from labels_lake-605-10-0902_round1.json
2025-08-31 22:24:59,368 - INFO - Extracted 281 annotations from labels_lake-605-10-0050_round1.json
2025-08-31 22:24:59,368 - INFO - Extracted 114 annotations from labels_lake-605-10-0050_stockpile.json
2025-08-31 22:24:59,369 - INFO - Extracted 227 annotations from labels_lake-605-8-0883_round1.json
2025-08-31 22:24:59,369 - INFO - Total annotations extracted: 816
2025-08-31 22:24:59,369 - INFO - Found 17 unique truck-date combinations:
2025-08-31 22:24:59,369 - INFO -   - lake-605-10-0050 on 2025-07-30
2025-08-31 22:24:59,369 - INFO -   - lake-605-10-0050 on 2025-07-31
2025-08-31 22:24:59,369 - INFO -   - lake-605-10-0050 on 2025-08-01
2025-08-31 22:24:59,369 - INFO -   - lake-605-10-0050 on 2025-08-02
2025-08-31 22:24:59,369 - INFO -   - lake-605-10-0050 on 2025-08-03
2025-08-31 22:24:59,369 - INFO -   - lake-605-10-0050 on 2025-08-05
2025-08-31 22:24:59,369 - INFO -   - lake-605-10-0050 on 2025-08-11
2025-08-31 22:24:59,369 - INFO -   - lake-605-8-0883 on 2025-07-31
2025-08-31 22:24:59,369 - INFO -   - lake-605-8-0883 on 2025-08-01
2025-08-31 22:24:59,369 - INFO -   - lake-605-8-0883 on 2025-08-02
2025-08-31 22:24:59,369 - INFO -   - lake-605-8-0883 on 2025-08-03
2025-08-31 22:24:59,369 - INFO -   - lake-605-8-0883 on 2025-08-05
2025-08-31 22:24:59,369 - INFO -   - lake-605-8-0902 on 2025-07-30
2025-08-31 22:24:59,369 - INFO -   - lake-605-8-0902 on 2025-08-02
2025-08-31 22:24:59,369 - INFO -   - lake-605-8-0902 on 2025-08-03
2025-08-31 22:24:59,369 - INFO -   - lake-605-8-0902 on 2025-08-04
2025-08-31 22:24:59,369 - INFO -   - lake-605-8-0902 on 2025-08-05
2025-08-31 22:24:59,369 - INFO - Connecting to database...
2025-08-31 22:24:59,492 - INFO - Source table verified: 8,831,277 rows available
2025-08-31 22:24:59,493 - INFO - Recreating labeled training data table...
2025-08-31 22:24:59,793 - INFO - Created labeled training data table with indexes
2025-08-31 22:24:59,793 - INFO - Creating temporary label mappings...
2025-08-31 22:24:59,804 - INFO - Created temporary label mappings table with 816 entries
2025-08-31 22:24:59,804 - INFO - Inserting labeled training data...
2025-08-31 22:24:59,804 - INFO - Processing 1/17: lake-605-8-0883 on 2025-08-02
2025-08-31 22:25:03,376 - INFO -   Inserted 96,158 labeled records
2025-08-31 22:25:03,376 - INFO - Processing 2/17: lake-605-10-0050 on 2025-07-30
2025-08-31 22:25:06,065 - INFO -   Inserted 89,677 labeled records
2025-08-31 22:25:06,066 - INFO - Processing 3/17: lake-605-8-0902 on 2025-08-02
2025-08-31 22:25:08,742 - INFO -   Inserted 88,115 labeled records
2025-08-31 22:25:08,743 - INFO - Processing 4/17: lake-605-10-0050 on 2025-08-03
2025-08-31 22:25:13,072 - INFO -   Inserted 92,506 labeled records
2025-08-31 22:25:13,073 - INFO - Processing 5/17: lake-605-10-0050 on 2025-07-31
2025-08-31 22:25:16,542 - INFO -   Inserted 103,968 labeled records
2025-08-31 22:25:16,542 - INFO - Processing 6/17: lake-605-10-0050 on 2025-08-05
2025-08-31 22:25:21,379 - INFO -   Inserted 96,815 labeled records
2025-08-31 22:25:21,379 - INFO - Processing 7/17: lake-605-8-0883 on 2025-08-03
2025-08-31 22:25:25,466 - INFO -   Inserted 88,847 labeled records
2025-08-31 22:25:25,467 - INFO - Processing 8/17: lake-605-10-0050 on 2025-08-01
2025-08-31 22:25:29,390 - INFO -   Inserted 103,902 labeled records
2025-08-31 22:25:29,390 - INFO - Processing 9/17: lake-605-8-0883 on 2025-07-31
2025-08-31 22:25:32,970 - INFO -   Inserted 113,910 labeled records
2025-08-31 22:25:32,971 - INFO - Processing 10/17: lake-605-10-0050 on 2025-08-11
2025-08-31 22:25:38,419 - INFO -   Inserted 96,433 labeled records
2025-08-31 22:25:38,419 - INFO - Processing 11/17: lake-605-8-0902 on 2025-08-04
2025-08-31 22:25:41,958 - INFO -   Inserted 94,433 labeled records
2025-08-31 22:25:41,958 - INFO - Processing 12/17: lake-605-8-0902 on 2025-08-03
2025-08-31 22:25:45,500 - INFO -   Inserted 90,351 labeled records
2025-08-31 22:25:45,501 - INFO - Processing 13/17: lake-605-8-0902 on 2025-07-30
2025-08-31 22:25:48,370 - INFO -   Inserted 93,054 labeled records
2025-08-31 22:25:48,370 - INFO - Processing 14/17: lake-605-8-0883 on 2025-08-01
2025-08-31 22:25:51,821 - INFO -   Inserted 92,319 labeled records
2025-08-31 22:25:51,822 - INFO - Processing 15/17: lake-605-8-0883 on 2025-08-05
2025-08-31 22:25:56,297 - INFO -   Inserted 87,900 labeled records
2025-08-31 22:25:56,298 - INFO - Processing 16/17: lake-605-10-0050 on 2025-08-02
2025-08-31 22:26:00,314 - INFO -   Inserted 93,092 labeled records
2025-08-31 22:26:00,314 - INFO - Processing 17/17: lake-605-8-0902 on 2025-08-05
2025-08-31 22:26:04,075 - INFO -   Inserted 87,250 labeled records
2025-08-31 22:26:04,075 - INFO - Successfully inserted 1,608,730 total labeled training records
2025-08-31 22:26:04,075 - INFO - === LABELED TRAINING DATA STATISTICS ===
2025-08-31 22:26:04,934 - INFO - Total Records: 1,608,730
2025-08-31 22:26:04,935 - INFO - Unique Trucks: 3
2025-08-31 22:26:04,935 - INFO - Unique Truck-Dates: 17
2025-08-31 22:26:04,935 - INFO - Time Range: 2025-07-30 00:00:00.103835+00:00 to 2025-08-11 23:56:35.546480+00:00
2025-08-31 22:26:05,939 - INFO - 
Label Distribution:
2025-08-31 22:26:05,939 - INFO -   background  : 1,240,472 records ( 77.1%)
2025-08-31 22:26:05,939 - INFO -                    3 trucks, 17 truck-dates
2025-08-31 22:26:05,939 - INFO -   load_event  :  272,504 records ( 16.9%)
2025-08-31 22:26:05,940 - INFO -                    3 trucks, 17 truck-dates
2025-08-31 22:26:05,940 - INFO -   dump_event  :   95,754 records (  6.0%)
2025-08-31 22:26:05,940 - INFO -                    3 trucks, 17 truck-dates
2025-08-31 22:26:05,940 - INFO - === DATA QUALITY VALIDATION ===
2025-08-31 22:26:05,940 - INFO - Null Labels: PASSED
2025-08-31 22:26:06,061 - INFO - Invalid Labels: PASSED
2025-08-31 22:26:06,062 - INFO - Missing Truck Dates: PASSED
2025-08-31 22:26:06,854 - INFO - Duplicate Hash IDs: PASSED
2025-08-31 22:26:06,854 - INFO - All data quality checks PASSED
2025-08-31 22:26:06,854 - INFO - Database connection closed.
2025-08-31 22:26:06,855 - INFO - === SCRIPT COMPLETED SUCCESSFULLY ===
2025-08-31 22:26:06,855 - INFO - Created labeled training dataset with 1,608,730 records
