2025-08-28 01:24:19,916 - INFO - Logging to file: /home/ck/DataMine/labelstudio_input/lsprep_20250828_012419.log
2025-08-28 01:24:19,916 - INFO - Script started successfully
2025-08-28 01:24:19,916 - INFO - Connecting to database...
2025-08-28 01:24:20,358 - INFO - Source table verified: 8,831,277 rows available
2025-08-28 01:24:21,255 - INFO - Found 7 unique trucks: lake-605-10-0050, lake-605-8-0883, lake-605-8-0896, lake-605-8-0898, lake-605-8-0902, lake-775g-2-2262, lake-775g-2-2266
2025-08-28 01:24:21,255 - INFO - All specified trucks validated: ['lake-605-8-0902']
2025-08-28 01:24:21,257 - INFO - Date range validated: 2025-07-30 00:00:00 to 2025-08-06 00:00:00 (8 days)
2025-08-28 01:24:21,257 - INFO - Planning to process 8 truck-date combinations:
2025-08-28 01:24:21,257 - INFO - Trucks (1): lake-605-8-0902
2025-08-28 01:24:21,257 - INFO - Dates (8): 2025-07-30 to 2025-08-06
2025-08-28 01:24:21,257 - INFO - Starting data extraction and file generation...
2025-08-28 01:24:21,257 - INFO - Processing truck 1/1: lake-605-8-0902
2025-08-28 01:24:21,257 - INFO -   Processing date 1/8: 2025-07-30
2025-08-28 01:24:22,528 - INFO - Extracted 93054 records for truck lake-605-8-0902 on 2025-07-30 00:00:00
2025-08-28 01:24:22,789 - INFO - Created CSV file: /home/ck/DataMine/labelstudio_input/lake-605-8-0902_2025-07-30.csv (93054 records)
2025-08-28 01:24:22,789 - INFO - Created JSON task file: /home/ck/DataMine/labelstudio_input/lake-605-8-0902_2025-07-30_task.json
2025-08-28 01:24:22,805 - INFO -     SUCCESS: 93054 records -> CSV: /home/ck/DataMine/labelstudio_input/lake-605-8-0902_2025-07-30.csv
2025-08-28 01:24:22,805 - INFO -                                                    -> JSON: /home/ck/DataMine/labelstudio_input/lake-605-8-0902_2025-07-30_task.json
2025-08-28 01:24:22,805 - INFO -   Processing date 2/8: 2025-07-31
2025-08-28 01:24:23,549 - INFO - Extracted 15728 records for truck lake-605-8-0902 on 2025-07-31 00:00:00
2025-08-28 01:24:23,581 - INFO - Created CSV file: /home/ck/DataMine/labelstudio_input/lake-605-8-0902_2025-07-31.csv (15728 records)
2025-08-28 01:24:23,581 - INFO - Created JSON task file: /home/ck/DataMine/labelstudio_input/lake-605-8-0902_2025-07-31_task.json
2025-08-28 01:24:23,583 - INFO -     SUCCESS: 15728 records -> CSV: /home/ck/DataMine/labelstudio_input/lake-605-8-0902_2025-07-31.csv
2025-08-28 01:24:23,583 - INFO -                                                    -> JSON: /home/ck/DataMine/labelstudio_input/lake-605-8-0902_2025-07-31_task.json
2025-08-28 01:24:23,583 - INFO -   Processing date 3/8: 2025-08-01
2025-08-28 01:24:24,347 - INFO - Extracted 18664 records for truck lake-605-8-0902 on 2025-08-01 00:00:00
2025-08-28 01:24:24,388 - INFO - Created CSV file: /home/ck/DataMine/labelstudio_input/lake-605-8-0902_2025-08-01.csv (18664 records)
2025-08-28 01:24:24,388 - INFO - Created JSON task file: /home/ck/DataMine/labelstudio_input/lake-605-8-0902_2025-08-01_task.json
2025-08-28 01:24:24,390 - INFO -     SUCCESS: 18664 records -> CSV: /home/ck/DataMine/labelstudio_input/lake-605-8-0902_2025-08-01.csv
2025-08-28 01:24:24,391 - INFO -                                                    -> JSON: /home/ck/DataMine/labelstudio_input/lake-605-8-0902_2025-08-01_task.json
2025-08-28 01:24:24,391 - INFO -   Processing date 4/8: 2025-08-02
2025-08-28 01:24:25,639 - INFO - Extracted 88115 records for truck lake-605-8-0902 on 2025-08-02 00:00:00
2025-08-28 01:24:25,877 - INFO - Created CSV file: /home/ck/DataMine/labelstudio_input/lake-605-8-0902_2025-08-02.csv (88115 records)
2025-08-28 01:24:25,877 - INFO - Created JSON task file: /home/ck/DataMine/labelstudio_input/lake-605-8-0902_2025-08-02_task.json
2025-08-28 01:24:25,891 - INFO -     SUCCESS: 88115 records -> CSV: /home/ck/DataMine/labelstudio_input/lake-605-8-0902_2025-08-02.csv
2025-08-28 01:24:25,891 - INFO -                                                    -> JSON: /home/ck/DataMine/labelstudio_input/lake-605-8-0902_2025-08-02_task.json
2025-08-28 01:24:25,891 - INFO -   Processing date 5/8: 2025-08-03
2025-08-28 01:24:27,149 - INFO - Extracted 90351 records for truck lake-605-8-0902 on 2025-08-03 00:00:00
2025-08-28 01:24:27,395 - INFO - Created CSV file: /home/ck/DataMine/labelstudio_input/lake-605-8-0902_2025-08-03.csv (90351 records)
2025-08-28 01:24:27,395 - INFO - Created JSON task file: /home/ck/DataMine/labelstudio_input/lake-605-8-0902_2025-08-03_task.json
2025-08-28 01:24:27,410 - INFO -     SUCCESS: 90351 records -> CSV: /home/ck/DataMine/labelstudio_input/lake-605-8-0902_2025-08-03.csv
2025-08-28 01:24:27,410 - INFO -                                                    -> JSON: /home/ck/DataMine/labelstudio_input/lake-605-8-0902_2025-08-03_task.json
2025-08-28 01:24:27,410 - INFO -   Processing date 6/8: 2025-08-04
2025-08-28 01:24:28,700 - INFO - Extracted 94433 records for truck lake-605-8-0902 on 2025-08-04 00:00:00
2025-08-28 01:24:28,956 - INFO - Created CSV file: /home/ck/DataMine/labelstudio_input/lake-605-8-0902_2025-08-04.csv (94433 records)
2025-08-28 01:24:28,956 - INFO - Created JSON task file: /home/ck/DataMine/labelstudio_input/lake-605-8-0902_2025-08-04_task.json
2025-08-28 01:24:28,973 - INFO -     SUCCESS: 94433 records -> CSV: /home/ck/DataMine/labelstudio_input/lake-605-8-0902_2025-08-04.csv
2025-08-28 01:24:28,973 - INFO -                                                    -> JSON: /home/ck/DataMine/labelstudio_input/lake-605-8-0902_2025-08-04_task.json
2025-08-28 01:24:28,973 - INFO -   Processing date 7/8: 2025-08-05
2025-08-28 01:24:30,215 - INFO - Extracted 87250 records for truck lake-605-8-0902 on 2025-08-05 00:00:00
2025-08-28 01:24:30,450 - INFO - Created CSV file: /home/ck/DataMine/labelstudio_input/lake-605-8-0902_2025-08-05.csv (87250 records)
2025-08-28 01:24:30,450 - INFO - Created JSON task file: /home/ck/DataMine/labelstudio_input/lake-605-8-0902_2025-08-05_task.json
2025-08-28 01:24:30,465 - INFO -     SUCCESS: 87250 records -> CSV: /home/ck/DataMine/labelstudio_input/lake-605-8-0902_2025-08-05.csv
2025-08-28 01:24:30,465 - INFO -                                                    -> JSON: /home/ck/DataMine/labelstudio_input/lake-605-8-0902_2025-08-05_task.json
2025-08-28 01:24:30,465 - INFO -   Processing date 8/8: 2025-08-06
2025-08-28 01:24:31,255 - INFO - Extracted 22366 records for truck lake-605-8-0902 on 2025-08-06 00:00:00
2025-08-28 01:24:31,314 - INFO - Created CSV file: /home/ck/DataMine/labelstudio_input/lake-605-8-0902_2025-08-06.csv (22366 records)
2025-08-28 01:24:31,314 - INFO - Created JSON task file: /home/ck/DataMine/labelstudio_input/lake-605-8-0902_2025-08-06_task.json
2025-08-28 01:24:31,317 - INFO -     SUCCESS: 22366 records -> CSV: /home/ck/DataMine/labelstudio_input/lake-605-8-0902_2025-08-06.csv
2025-08-28 01:24:31,317 - INFO -                                                    -> JSON: /home/ck/DataMine/labelstudio_input/lake-605-8-0902_2025-08-06_task.json
2025-08-28 01:24:31,317 - INFO - === PROCESSING SUMMARY ===
2025-08-28 01:24:31,317 - INFO - Total truck-date combinations processed: 8
2025-08-28 01:24:31,317 - INFO - Successful: 8
2025-08-28 01:24:31,317 - INFO - Failed/No Data: 0
2025-08-28 01:24:31,317 - INFO - Total telemetry records processed: 509,961
2025-08-28 01:24:31,317 - INFO - Summary report created: /home/ck/DataMine/labelstudio_input/processing_summary_20250828_012431.json
2025-08-28 01:24:31,317 - INFO - Database connection closed.
2025-08-28 01:24:31,317 - INFO - === SCRIPT COMPLETED SUCCESSFULLY ===
