2025-08-27 21:41:58,842 - INFO - Logging to file: /home/ck/DataMine/labelstudio_output/lsprep_20250827_214158.log
2025-08-27 21:41:58,842 - INFO - Script started successfully
2025-08-27 21:41:58,842 - INFO - Connecting to database...
2025-08-27 21:41:59,305 - INFO - Source table verified: 8,831,277 rows available
2025-08-27 21:42:00,193 - INFO - Found 7 unique trucks: lake-605-10-0050, lake-605-8-0883, lake-605-8-0896, lake-605-8-0898, lake-605-8-0902, lake-775g-2-2262, lake-775g-2-2266
2025-08-27 21:42:00,193 - INFO - All specified trucks validated: ['lake-775g-2-2262', 'lake-605-8-0883']
2025-08-27 21:42:00,195 - INFO - Planning to process 2 truck-date combinations:
2025-08-27 21:42:00,195 - INFO - Trucks (2): lake-775g-2-2262, lake-605-8-0883
2025-08-27 21:42:00,195 - INFO - Dates (1): 2025-08-01 to 2025-08-01
2025-08-27 21:42:00,195 - INFO - Starting data extraction and file generation...
2025-08-27 21:42:00,195 - INFO - Processing truck 1/2: lake-775g-2-2262
2025-08-27 21:42:00,195 - INFO -   Processing date 1/1: 2025-08-01
2025-08-27 21:42:01,532 - INFO - Extracted 99272 records for truck lake-775g-2-2262 on 2025-08-01 00:00:00
2025-08-27 21:42:01,844 - INFO - Created CSV file: /home/ck/DataMine/labelstudio_output/lake-775g-2-2262_2025-08-01_data.csv (99272 records)
2025-08-27 21:42:01,844 - INFO - Created Label Studio JSON task file: /home/ck/DataMine/labelstudio_output/lake-775g-2-2262_2025-08-01_labelstudio.json
2025-08-27 21:42:01,858 - INFO -     SUCCESS: 99272 records -> /home/ck/DataMine/labelstudio_output/lake-775g-2-2262_2025-08-01_data.csv, /home/ck/DataMine/labelstudio_output/lake-775g-2-2262_2025-08-01_labelstudio.json
2025-08-27 21:42:01,858 - INFO - Processing truck 2/2: lake-605-8-0883
2025-08-27 21:42:01,858 - INFO -   Processing date 1/1: 2025-08-01
2025-08-27 21:42:03,119 - INFO - Extracted 92319 records for truck lake-605-8-0883 on 2025-08-01 00:00:00
2025-08-27 21:42:03,411 - INFO - Created CSV file: /home/ck/DataMine/labelstudio_output/lake-605-8-0883_2025-08-01_data.csv (92319 records)
2025-08-27 21:42:03,411 - INFO - Created Label Studio JSON task file: /home/ck/DataMine/labelstudio_output/lake-605-8-0883_2025-08-01_labelstudio.json
2025-08-27 21:42:03,424 - INFO -     SUCCESS: 92319 records -> /home/ck/DataMine/labelstudio_output/lake-605-8-0883_2025-08-01_data.csv, /home/ck/DataMine/labelstudio_output/lake-605-8-0883_2025-08-01_labelstudio.json
2025-08-27 21:42:03,424 - INFO - === PROCESSING SUMMARY ===
2025-08-27 21:42:03,424 - INFO - Total truck-date combinations processed: 2
2025-08-27 21:42:03,424 - INFO - Successful: 2
2025-08-27 21:42:03,424 - INFO - Failed/No Data: 0
2025-08-27 21:42:03,424 - INFO - Total telemetry records processed: 191,591
2025-08-27 21:42:03,424 - INFO - Summary report created: /home/ck/DataMine/labelstudio_output/processing_summary_20250827_214203.json
2025-08-27 21:42:03,424 - INFO - Database connection closed.
2025-08-27 21:42:03,424 - INFO - === SCRIPT COMPLETED SUCCESSFULLY ===
