2025-08-27 23:15:04,140 - INFO - Logging to file: /home/ck/DataMine/labelstudio_output/lsprep_20250827_231504.log
2025-08-27 23:15:04,140 - INFO - Script started successfully
2025-08-27 23:15:04,140 - INFO - Connecting to database...
2025-08-27 23:15:04,597 - INFO - Source table verified: 8,831,277 rows available
2025-08-27 23:15:05,496 - INFO - Found 7 unique trucks: lake-605-10-0050, lake-605-8-0883, lake-605-8-0896, lake-605-8-0898, lake-605-8-0902, lake-775g-2-2262, lake-775g-2-2266
2025-08-27 23:15:05,496 - INFO - All specified trucks validated: ['lake-775g-2-2262', 'lake-605-8-0883']
2025-08-27 23:15:05,498 - INFO - Planning to process 2 truck-date combinations:
2025-08-27 23:15:05,498 - INFO - Trucks (2): lake-775g-2-2262, lake-605-8-0883
2025-08-27 23:15:05,498 - INFO - Dates (1): 2025-08-01 to 2025-08-01
2025-08-27 23:15:05,498 - INFO - Starting data extraction and file generation...
2025-08-27 23:15:05,498 - INFO - Processing truck 1/2: lake-775g-2-2262
2025-08-27 23:15:05,498 - INFO -   Processing date 1/1: 2025-08-01
2025-08-27 23:15:06,840 - INFO - Extracted 99272 records for truck lake-775g-2-2262 on 2025-08-01 00:00:00
2025-08-27 23:15:07,421 - INFO - Created Label Studio inline task file: /home/ck/DataMine/labelstudio_output/lake-775g-2-2262_2025-08-01_labelstudio.json (99272 records)
2025-08-27 23:15:07,442 - INFO -     SUCCESS: 99272 records -> /home/ck/DataMine/labelstudio_output/lake-775g-2-2262_2025-08-01_labelstudio.json
2025-08-27 23:15:07,442 - INFO - Processing truck 2/2: lake-605-8-0883
2025-08-27 23:15:07,442 - INFO -   Processing date 1/1: 2025-08-01
2025-08-27 23:15:08,711 - INFO - Extracted 92319 records for truck lake-605-8-0883 on 2025-08-01 00:00:00
2025-08-27 23:15:09,278 - INFO - Created Label Studio inline task file: /home/ck/DataMine/labelstudio_output/lake-605-8-0883_2025-08-01_labelstudio.json (92319 records)
2025-08-27 23:15:09,299 - INFO -     SUCCESS: 92319 records -> /home/ck/DataMine/labelstudio_output/lake-605-8-0883_2025-08-01_labelstudio.json
2025-08-27 23:15:09,299 - INFO - === PROCESSING SUMMARY ===
2025-08-27 23:15:09,299 - INFO - Total truck-date combinations processed: 2
2025-08-27 23:15:09,299 - INFO - Successful: 2
2025-08-27 23:15:09,299 - INFO - Failed/No Data: 0
2025-08-27 23:15:09,299 - INFO - Total telemetry records processed: 191,591
2025-08-27 23:15:09,299 - INFO - Summary report created: /home/ck/DataMine/labelstudio_output/processing_summary_20250827_231509.json
2025-08-27 23:15:09,299 - INFO - Database connection closed.
2025-08-27 23:15:09,299 - INFO - === SCRIPT COMPLETED SUCCESSFULLY ===
