2025-08-27 18:51:56,070 - INFO - Logging to file: /home/ck/DataMine/labelstudio_output/lsprep_20250827_185156.log
2025-08-27 18:51:56,070 - INFO - Script started successfully
2025-08-27 18:51:56,070 - INFO - Connecting to database...
2025-08-27 18:51:56,520 - INFO - Source table verified: 8,831,277 rows available
2025-08-27 18:51:57,395 - INFO - Found 7 unique trucks: lake-605-10-0050, lake-605-8-0883, lake-605-8-0896, lake-605-8-0898, lake-605-8-0902, lake-775g-2-2262, lake-775g-2-2266
2025-08-27 18:51:57,395 - INFO - All specified trucks validated: ['lake-605-8-0883']
2025-08-27 18:51:57,397 - INFO - Planning to process 1 truck-date combinations:
2025-08-27 18:51:57,397 - INFO - Trucks (1): lake-605-8-0883
2025-08-27 18:51:57,397 - INFO - Dates (1): 2025-08-02 to 2025-08-02
2025-08-27 18:51:57,398 - INFO - Starting data extraction and file generation...
2025-08-27 18:51:57,398 - INFO - Processing truck 1/1: lake-605-8-0883
2025-08-27 18:51:57,398 - INFO -   Processing date 1/1: 2025-08-02
2025-08-27 18:51:58,710 - INFO - Extracted 96158 records for truck lake-605-8-0883 on 2025-08-02 00:00:00
2025-08-27 18:51:59,022 - INFO - Created CSV file: /home/ck/DataMine/labelstudio_output/lake-605-8-0883_2025-08-02_data.csv (96158 records)
2025-08-27 18:51:59,022 - INFO - Created Label Studio JSON task file: /home/ck/DataMine/labelstudio_output/lake-605-8-0883_2025-08-02_labelstudio.json
2025-08-27 18:51:59,033 - INFO -     SUCCESS: 96158 records -> /home/ck/DataMine/labelstudio_output/lake-605-8-0883_2025-08-02_data.csv, /home/ck/DataMine/labelstudio_output/lake-605-8-0883_2025-08-02_labelstudio.json
2025-08-27 18:51:59,033 - INFO - === PROCESSING SUMMARY ===
2025-08-27 18:51:59,033 - INFO - Total truck-date combinations processed: 1
2025-08-27 18:51:59,033 - INFO - Successful: 1
2025-08-27 18:51:59,033 - INFO - Failed/No Data: 0
2025-08-27 18:51:59,033 - INFO - Total telemetry records processed: 96,158
2025-08-27 18:51:59,033 - INFO - Summary report created: /home/ck/DataMine/labelstudio_output/processing_summary_20250827_185159.json
2025-08-27 18:51:59,033 - INFO - Database connection closed.
2025-08-27 18:51:59,033 - INFO - === SCRIPT COMPLETED SUCCESSFULLY ===
