2025-08-28 00:17:30,919 - INFO - Logging to file: /home/ck/DataMine/labelstudio_input/lsprep_20250828_001730.log
2025-08-28 00:17:30,919 - INFO - Script started successfully
2025-08-28 00:17:30,919 - INFO - Connecting to database...
2025-08-28 00:17:31,359 - INFO - Source table verified: 8,831,277 rows available
2025-08-28 00:17:32,259 - INFO - Found 7 unique trucks: lake-605-10-0050, lake-605-8-0883, lake-605-8-0896, lake-605-8-0898, lake-605-8-0902, lake-775g-2-2262, lake-775g-2-2266
2025-08-28 00:17:32,259 - INFO - All specified trucks validated: ['lake-605-10-0050']
2025-08-28 00:17:32,261 - INFO - Date range validated: 2025-07-30 00:00:00 to 2025-08-12 00:00:00 (14 days)
2025-08-28 00:17:32,261 - INFO - Planning to process 14 truck-date combinations:
2025-08-28 00:17:32,261 - INFO - Trucks (1): lake-605-10-0050
2025-08-28 00:17:32,261 - INFO - Dates (14): 2025-07-30 to 2025-08-12
2025-08-28 00:17:32,261 - INFO - Starting data extraction and file generation...
2025-08-28 00:17:32,261 - INFO - Processing truck 1/1: lake-605-10-0050
2025-08-28 00:17:32,262 - INFO -   Processing date 1/14: 2025-07-30
2025-08-28 00:17:33,508 - INFO - Extracted 89677 records for truck lake-605-10-0050 on 2025-07-30 00:00:00
2025-08-28 00:17:33,756 - INFO - Created CSV file: /home/ck/DataMine/labelstudio_input/lake-605-10-0050_2025-07-30.csv (89677 records)
2025-08-28 00:17:33,757 - INFO - Created JSON task file: /home/ck/DataMine/labelstudio_input/lake-605-10-0050_2025-07-30_task.json
2025-08-28 00:17:33,772 - INFO -     SUCCESS: 89677 records -> CSV: /home/ck/DataMine/labelstudio_input/lake-605-10-0050_2025-07-30.csv
2025-08-28 00:17:33,772 - INFO -                                                    -> JSON: /home/ck/DataMine/labelstudio_input/lake-605-10-0050_2025-07-30_task.json
2025-08-28 00:17:33,772 - INFO -   Processing date 2/14: 2025-07-31
2025-08-28 00:17:35,131 - INFO - Extracted 103968 records for truck lake-605-10-0050 on 2025-07-31 00:00:00
2025-08-28 00:17:35,436 - INFO - Created CSV file: /home/ck/DataMine/labelstudio_input/lake-605-10-0050_2025-07-31.csv (103968 records)
2025-08-28 00:17:35,436 - INFO - Created JSON task file: /home/ck/DataMine/labelstudio_input/lake-605-10-0050_2025-07-31_task.json
2025-08-28 00:17:35,454 - INFO -     SUCCESS: 103968 records -> CSV: /home/ck/DataMine/labelstudio_input/lake-605-10-0050_2025-07-31.csv
2025-08-28 00:17:35,454 - INFO -                                                    -> JSON: /home/ck/DataMine/labelstudio_input/lake-605-10-0050_2025-07-31_task.json
2025-08-28 00:17:35,454 - INFO -   Processing date 3/14: 2025-08-01
2025-08-28 00:17:36,794 - INFO - Extracted 103902 records for truck lake-605-10-0050 on 2025-08-01 00:00:00
2025-08-28 00:17:37,084 - INFO - Created CSV file: /home/ck/DataMine/labelstudio_input/lake-605-10-0050_2025-08-01.csv (103902 records)
2025-08-28 00:17:37,084 - INFO - Created JSON task file: /home/ck/DataMine/labelstudio_input/lake-605-10-0050_2025-08-01_task.json
2025-08-28 00:17:37,104 - INFO -     SUCCESS: 103902 records -> CSV: /home/ck/DataMine/labelstudio_input/lake-605-10-0050_2025-08-01.csv
2025-08-28 00:17:37,104 - INFO -                                                    -> JSON: /home/ck/DataMine/labelstudio_input/lake-605-10-0050_2025-08-01_task.json
2025-08-28 00:17:37,104 - INFO -   Processing date 4/14: 2025-08-02
2025-08-28 00:17:38,375 - INFO - Extracted 93092 records for truck lake-605-10-0050 on 2025-08-02 00:00:00
2025-08-28 00:17:38,634 - INFO - Created CSV file: /home/ck/DataMine/labelstudio_input/lake-605-10-0050_2025-08-02.csv (93092 records)
2025-08-28 00:17:38,634 - INFO - Created JSON task file: /home/ck/DataMine/labelstudio_input/lake-605-10-0050_2025-08-02_task.json
2025-08-28 00:17:38,650 - INFO -     SUCCESS: 93092 records -> CSV: /home/ck/DataMine/labelstudio_input/lake-605-10-0050_2025-08-02.csv
2025-08-28 00:17:38,650 - INFO -                                                    -> JSON: /home/ck/DataMine/labelstudio_input/lake-605-10-0050_2025-08-02_task.json
2025-08-28 00:17:38,650 - INFO -   Processing date 5/14: 2025-08-03
2025-08-28 00:17:39,944 - INFO - Extracted 92506 records for truck lake-605-10-0050 on 2025-08-03 00:00:00
2025-08-28 00:17:40,201 - INFO - Created CSV file: /home/ck/DataMine/labelstudio_input/lake-605-10-0050_2025-08-03.csv (92506 records)
2025-08-28 00:17:40,201 - INFO - Created JSON task file: /home/ck/DataMine/labelstudio_input/lake-605-10-0050_2025-08-03_task.json
2025-08-28 00:17:40,217 - INFO -     SUCCESS: 92506 records -> CSV: /home/ck/DataMine/labelstudio_input/lake-605-10-0050_2025-08-03.csv
2025-08-28 00:17:40,217 - INFO -                                                    -> JSON: /home/ck/DataMine/labelstudio_input/lake-605-10-0050_2025-08-03_task.json
2025-08-28 00:17:40,217 - INFO -   Processing date 6/14: 2025-08-04
2025-08-28 00:17:41,465 - INFO - Extracted 92376 records for truck lake-605-10-0050 on 2025-08-04 00:00:00
2025-08-28 00:17:41,723 - INFO - Created CSV file: /home/ck/DataMine/labelstudio_input/lake-605-10-0050_2025-08-04.csv (92376 records)
2025-08-28 00:17:41,723 - INFO - Created JSON task file: /home/ck/DataMine/labelstudio_input/lake-605-10-0050_2025-08-04_task.json
2025-08-28 00:17:41,740 - INFO -     SUCCESS: 92376 records -> CSV: /home/ck/DataMine/labelstudio_input/lake-605-10-0050_2025-08-04.csv
2025-08-28 00:17:41,740 - INFO -                                                    -> JSON: /home/ck/DataMine/labelstudio_input/lake-605-10-0050_2025-08-04_task.json
2025-08-28 00:17:41,740 - INFO -   Processing date 7/14: 2025-08-05
2025-08-28 00:17:43,032 - INFO - Extracted 96815 records for truck lake-605-10-0050 on 2025-08-05 00:00:00
2025-08-28 00:17:43,306 - INFO - Created CSV file: /home/ck/DataMine/labelstudio_input/lake-605-10-0050_2025-08-05.csv (96815 records)
2025-08-28 00:17:43,307 - INFO - Created JSON task file: /home/ck/DataMine/labelstudio_input/lake-605-10-0050_2025-08-05_task.json
2025-08-28 00:17:43,325 - INFO -     SUCCESS: 96815 records -> CSV: /home/ck/DataMine/labelstudio_input/lake-605-10-0050_2025-08-05.csv
2025-08-28 00:17:43,325 - INFO -                                                    -> JSON: /home/ck/DataMine/labelstudio_input/lake-605-10-0050_2025-08-05_task.json
2025-08-28 00:17:43,325 - INFO -   Processing date 8/14: 2025-08-06
2025-08-28 00:17:44,650 - INFO - Extracted 97884 records for truck lake-605-10-0050 on 2025-08-06 00:00:00
2025-08-28 00:17:44,924 - INFO - Created CSV file: /home/ck/DataMine/labelstudio_input/lake-605-10-0050_2025-08-06.csv (97884 records)
2025-08-28 00:17:44,924 - INFO - Created JSON task file: /home/ck/DataMine/labelstudio_input/lake-605-10-0050_2025-08-06_task.json
2025-08-28 00:17:44,942 - INFO -     SUCCESS: 97884 records -> CSV: /home/ck/DataMine/labelstudio_input/lake-605-10-0050_2025-08-06.csv
2025-08-28 00:17:44,942 - INFO -                                                    -> JSON: /home/ck/DataMine/labelstudio_input/lake-605-10-0050_2025-08-06_task.json
2025-08-28 00:17:44,942 - INFO -   Processing date 9/14: 2025-08-07
2025-08-28 00:17:46,210 - INFO - Extracted 90670 records for truck lake-605-10-0050 on 2025-08-07 00:00:00
2025-08-28 00:17:46,464 - INFO - Created CSV file: /home/ck/DataMine/labelstudio_input/lake-605-10-0050_2025-08-07.csv (90670 records)
2025-08-28 00:17:46,464 - INFO - Created JSON task file: /home/ck/DataMine/labelstudio_input/lake-605-10-0050_2025-08-07_task.json
2025-08-28 00:17:46,479 - INFO -     SUCCESS: 90670 records -> CSV: /home/ck/DataMine/labelstudio_input/lake-605-10-0050_2025-08-07.csv
2025-08-28 00:17:46,479 - INFO -                                                    -> JSON: /home/ck/DataMine/labelstudio_input/lake-605-10-0050_2025-08-07_task.json
2025-08-28 00:17:46,479 - INFO -   Processing date 10/14: 2025-08-08
2025-08-28 00:17:47,790 - INFO - Extracted 99034 records for truck lake-605-10-0050 on 2025-08-08 00:00:00
2025-08-28 00:17:48,074 - INFO - Created CSV file: /home/ck/DataMine/labelstudio_input/lake-605-10-0050_2025-08-08.csv (99034 records)
2025-08-28 00:17:48,074 - INFO - Created JSON task file: /home/ck/DataMine/labelstudio_input/lake-605-10-0050_2025-08-08_task.json
2025-08-28 00:17:48,093 - INFO -     SUCCESS: 99034 records -> CSV: /home/ck/DataMine/labelstudio_input/lake-605-10-0050_2025-08-08.csv
2025-08-28 00:17:48,093 - INFO -                                                    -> JSON: /home/ck/DataMine/labelstudio_input/lake-605-10-0050_2025-08-08_task.json
2025-08-28 00:17:48,093 - INFO -   Processing date 11/14: 2025-08-09
2025-08-28 00:17:49,323 - INFO - Extracted 88827 records for truck lake-605-10-0050 on 2025-08-09 00:00:00
2025-08-28 00:17:49,569 - INFO - Created CSV file: /home/ck/DataMine/labelstudio_input/lake-605-10-0050_2025-08-09.csv (88827 records)
2025-08-28 00:17:49,570 - INFO - Created JSON task file: /home/ck/DataMine/labelstudio_input/lake-605-10-0050_2025-08-09_task.json
2025-08-28 00:17:49,585 - INFO -     SUCCESS: 88827 records -> CSV: /home/ck/DataMine/labelstudio_input/lake-605-10-0050_2025-08-09.csv
2025-08-28 00:17:49,585 - INFO -                                                    -> JSON: /home/ck/DataMine/labelstudio_input/lake-605-10-0050_2025-08-09_task.json
2025-08-28 00:17:49,585 - INFO -   Processing date 12/14: 2025-08-10
2025-08-28 00:17:50,726 - INFO - Extracted 75511 records for truck lake-605-10-0050 on 2025-08-10 00:00:00
2025-08-28 00:17:50,936 - INFO - Created CSV file: /home/ck/DataMine/labelstudio_input/lake-605-10-0050_2025-08-10.csv (75511 records)
2025-08-28 00:17:50,936 - INFO - Created JSON task file: /home/ck/DataMine/labelstudio_input/lake-605-10-0050_2025-08-10_task.json
2025-08-28 00:17:50,949 - INFO -     SUCCESS: 75511 records -> CSV: /home/ck/DataMine/labelstudio_input/lake-605-10-0050_2025-08-10.csv
2025-08-28 00:17:50,949 - INFO -                                                    -> JSON: /home/ck/DataMine/labelstudio_input/lake-605-10-0050_2025-08-10_task.json
2025-08-28 00:17:50,949 - INFO -   Processing date 13/14: 2025-08-11
2025-08-28 00:17:52,306 - INFO - Extracted 96433 records for truck lake-605-10-0050 on 2025-08-11 00:00:00
2025-08-28 00:17:52,576 - INFO - Created CSV file: /home/ck/DataMine/labelstudio_input/lake-605-10-0050_2025-08-11.csv (96433 records)
2025-08-28 00:17:52,576 - INFO - Created JSON task file: /home/ck/DataMine/labelstudio_input/lake-605-10-0050_2025-08-11_task.json
2025-08-28 00:17:52,593 - INFO -     SUCCESS: 96433 records -> CSV: /home/ck/DataMine/labelstudio_input/lake-605-10-0050_2025-08-11.csv
2025-08-28 00:17:52,593 - INFO -                                                    -> JSON: /home/ck/DataMine/labelstudio_input/lake-605-10-0050_2025-08-11_task.json
2025-08-28 00:17:52,593 - INFO -   Processing date 14/14: 2025-08-12
2025-08-28 00:17:53,823 - INFO - Extracted 83677 records for truck lake-605-10-0050 on 2025-08-12 00:00:00
2025-08-28 00:17:54,071 - INFO - Created CSV file: /home/ck/DataMine/labelstudio_input/lake-605-10-0050_2025-08-12.csv (83677 records)
2025-08-28 00:17:54,071 - INFO - Created JSON task file: /home/ck/DataMine/labelstudio_input/lake-605-10-0050_2025-08-12_task.json
2025-08-28 00:17:54,086 - INFO -     SUCCESS: 83677 records -> CSV: /home/ck/DataMine/labelstudio_input/lake-605-10-0050_2025-08-12.csv
2025-08-28 00:17:54,086 - INFO -                                                    -> JSON: /home/ck/DataMine/labelstudio_input/lake-605-10-0050_2025-08-12_task.json
2025-08-28 00:17:54,086 - INFO - === PROCESSING SUMMARY ===
2025-08-28 00:17:54,086 - INFO - Total truck-date combinations processed: 14
2025-08-28 00:17:54,086 - INFO - Successful: 14
2025-08-28 00:17:54,086 - INFO - Failed/No Data: 0
2025-08-28 00:17:54,086 - INFO - Total telemetry records processed: 1,304,372
2025-08-28 00:17:54,086 - INFO - Summary report created: /home/ck/DataMine/labelstudio_input/processing_summary_20250828_001754.json
2025-08-28 00:17:54,087 - INFO - Database connection closed.
2025-08-28 00:17:54,087 - INFO - === SCRIPT COMPLETED SUCCESSFULLY ===
