2025-09-04 23:08:11,090 - MainProcess - INFO - ================================================================================
2025-09-04 23:08:11,090 - MainProcess - INFO - MASSIVELY PARALLEL CPD ORCHESTRATOR - PRODUCTION SCALE
2025-09-04 23:08:11,090 - MainProcess - INFO - ================================================================================
2025-09-04 23:08:11,090 - MainProcess - INFO - Target: Process entire telemetry dataset with sub-hour performance
2025-09-04 23:08:11,090 - MainProcess - INFO - Architecture: Parquet -> Parallel Workers -> PELT -> Aggregated Results
2025-09-04 23:08:11,090 - MainProcess - INFO - Detection method: polars_parallel_v2
2025-09-04 23:08:11,090 - MainProcess - INFO - Start time: 2025-09-04 23:08:11.090520
2025-09-04 23:08:11,090 - MainProcess - INFO - --- Environment Validation ---
2025-09-04 23:08:11,114 - MainProcess - INFO - Environment validation passed
2025-09-04 23:08:11,114 - MainProcess - INFO - Schema validated with 32 columns
2025-09-04 23:08:11,114 - MainProcess - INFO - Test partition: device_date=lake-605-8-0896_2025-08-10
2025-09-04 23:08:11,114 - MainProcess - INFO - Cleaned existing temp_results directory
2025-09-04 23:08:11,114 - MainProcess - INFO - Created temp_results directory: /home/ck/DataMine/APPLICATION/V2/STEP 5 - CPD/temp_results
2025-09-04 23:08:11,117 - MainProcess - INFO - CPU cores (logical): 100
2025-09-04 23:08:11,117 - MainProcess - INFO - CPU cores (physical): 100
2025-09-04 23:08:11,117 - MainProcess - INFO - Total memory: 288.1 GB
2025-09-04 23:08:11,117 - MainProcess - INFO - Available memory: 283.0 GB
2025-09-04 23:08:11,117 - MainProcess - INFO - Optimal worker count: 90
2025-09-04 23:08:11,117 - MainProcess - INFO - Memory per worker: 3.1 GB
2025-09-04 23:08:11,117 - MainProcess - INFO - ================================================================================
2025-09-04 23:08:11,117 - MainProcess - INFO - WORKLOAD DISCOVERY PHASE
2025-09-04 23:08:11,117 - MainProcess - INFO - ================================================================================
2025-09-04 23:08:11,117 - MainProcess - INFO - Scanning Parquet directory: /home/ck/DataMine/APPLICATION/V2/STEP 5 - CPD/features.parquet
2025-09-04 23:08:11,117 - MainProcess - INFO - Discovered 1 device_date partitions
2025-09-04 23:08:11,117 - MainProcess - INFO - Partition range: lake-775g-2-2262_2025-07-30 to lake-775g-2-2262_2025-07-30
2025-09-04 23:08:11,117 - MainProcess - INFO - Sample partitions: ['lake-775g-2-2262_2025-07-30']
2025-09-04 23:08:11,117 - MainProcess - INFO - 
--- Workload Estimation ---
2025-09-04 23:08:11,117 - MainProcess - INFO - Total partitions: 1
2025-09-04 23:08:11,117 - MainProcess - INFO - Estimated per-partition time: 2-10 seconds (based on single-test)
2025-09-04 23:08:11,117 - MainProcess - INFO - Sequential processing time: 0.1 minutes
2025-09-04 23:08:11,117 - MainProcess - INFO - Parallel processing target: <60 minutes
2025-09-04 23:08:11,117 - MainProcess - INFO - 
================================================================================
2025-09-04 23:08:11,117 - MainProcess - INFO - PARALLEL CPD EXECUTION PHASE
2025-09-04 23:08:11,117 - MainProcess - INFO - ================================================================================
2025-09-04 23:08:11,117 - MainProcess - INFO - Partitions to process: 1
2025-09-04 23:08:11,117 - MainProcess - INFO - Worker processes: 90
2025-09-04 23:08:11,117 - MainProcess - INFO - Target architecture: ProcessPoolExecutor with isolated Polars processing
2025-09-04 23:08:11,119 - MainProcess - INFO - Submitting 1 parallel jobs...
2025-09-04 23:08:11,120 - MainProcess - INFO - Processing results as they complete...
