2025-09-04 21:36:27,363 - MainProcess - INFO - ================================================================================
2025-09-04 21:36:27,363 - MainProcess - INFO - MASSIVELY PARALLEL CPD ORCHESTRATOR - PRODUCTION SCALE
2025-09-04 21:36:27,363 - MainProcess - INFO - ================================================================================
2025-09-04 21:36:27,363 - MainProcess - INFO - Target: Process entire telemetry dataset with sub-hour performance
2025-09-04 21:36:27,363 - MainProcess - INFO - Architecture: Parquet -> Parallel Workers -> PELT -> Aggregated Results
2025-09-04 21:36:27,363 - MainProcess - INFO - Detection method: polars_parallel_v2
2025-09-04 21:36:27,363 - MainProcess - INFO - Start time: 2025-09-04 21:36:27.363667
2025-09-04 21:36:27,363 - MainProcess - INFO - --- Environment Validation ---
2025-09-04 21:36:27,385 - MainProcess - INFO - Environment validation passed
2025-09-04 21:36:27,386 - MainProcess - INFO - Schema validated with 32 columns
2025-09-04 21:36:27,386 - MainProcess - INFO - Test partition: device_date=lake-605-8-0896_2025-08-10
2025-09-04 21:36:27,386 - MainProcess - INFO - Cleaned existing temp_results directory
2025-09-04 21:36:27,386 - MainProcess - INFO - Created temp_results directory: /home/ck/DataMine/APPLICATION/V2/STEP 5 - CPD/temp_results
2025-09-04 21:36:27,389 - MainProcess - INFO - CPU cores (logical): 100
2025-09-04 21:36:27,389 - MainProcess - INFO - CPU cores (physical): 100
2025-09-04 21:36:27,389 - MainProcess - INFO - Total memory: 288.1 GB
2025-09-04 21:36:27,389 - MainProcess - INFO - Available memory: 283.5 GB
2025-09-04 21:36:27,389 - MainProcess - INFO - Optimal worker count: 24
2025-09-04 21:36:27,389 - MainProcess - INFO - Memory per worker: 11.8 GB
2025-09-04 21:36:27,389 - MainProcess - INFO - ================================================================================
2025-09-04 21:36:27,389 - MainProcess - INFO - WORKLOAD DISCOVERY PHASE
2025-09-04 21:36:27,389 - MainProcess - INFO - ================================================================================
2025-09-04 21:36:27,389 - MainProcess - INFO - Scanning Parquet directory: /home/ck/DataMine/APPLICATION/V2/STEP 5 - CPD/features.parquet
2025-09-04 21:36:27,389 - MainProcess - INFO - Discovered 96 device_date partitions
2025-09-04 21:36:27,390 - MainProcess - INFO - Partition range: lake-605-10-0050_2025-07-30 to lake-775g-2-2266_2025-08-12
2025-09-04 21:36:27,390 - MainProcess - INFO - Sample partitions: ['lake-605-10-0050_2025-07-30', 'lake-605-10-0050_2025-07-31', 'lake-605-10-0050_2025-08-01', 'lake-605-10-0050_2025-08-02', 'lake-605-10-0050_2025-08-03']
2025-09-04 21:36:27,390 - MainProcess - INFO - 
--- Workload Estimation ---
2025-09-04 21:36:27,390 - MainProcess - INFO - Total partitions: 96
2025-09-04 21:36:27,390 - MainProcess - INFO - Estimated per-partition time: 2-10 seconds (based on single-test)
2025-09-04 21:36:27,390 - MainProcess - INFO - Sequential processing time: 8.0 minutes
2025-09-04 21:36:27,390 - MainProcess - INFO - Parallel processing target: <60 minutes
2025-09-04 21:36:27,390 - MainProcess - INFO - 
================================================================================
2025-09-04 21:36:27,390 - MainProcess - INFO - PARALLEL CPD EXECUTION PHASE
2025-09-04 21:36:27,390 - MainProcess - INFO - ================================================================================
2025-09-04 21:36:27,390 - MainProcess - INFO - Partitions to process: 96
2025-09-04 21:36:27,390 - MainProcess - INFO - Worker processes: 24
2025-09-04 21:36:27,390 - MainProcess - INFO - Target architecture: ProcessPoolExecutor with isolated Polars processing
2025-09-04 21:36:27,394 - MainProcess - INFO - Submitting 96 parallel jobs...
2025-09-04 21:36:27,420 - MainProcess - INFO - Processing results as they complete...
2025-09-04 21:36:39,858 - MainProcess - INFO - Progress: 10/96 (10.4%) | Elapsed: 0.2m | ETA: 1.8m | Latest: lake-605-8-0883_2025-08-11 -> 74 events
2025-09-04 21:36:58,502 - MainProcess - INFO - Progress: 20/96 (20.8%) | Elapsed: 0.5m | ETA: 2.0m | Latest: lake-605-8-0898_2025-07-30 -> 64 events
2025-09-04 21:37:18,211 - MainProcess - INFO - Progress: 30/96 (31.2%) | Elapsed: 0.8m | ETA: 1.9m | Latest: lake-605-8-0896_2025-08-01 -> 515 events
